0 info it worked if it ends with ok
1 verbose cli [ 'node', '/usr/local/bin/npm', 'install' ]
2 info using npm@1.4.28
3 info using node@v0.10.34
4 warn package.json myapp@1.0.0 No repository field.
5 warn package.json myapp@1.0.0 No README data
6 verbose readDependencies using package.json deps
7 verbose install where, deps [ '/Users/anirudhsrivastava/myApp',
7 verbose install   [ 'gulp',
7 verbose install     'gulp-sass',
7 verbose install     'gulp-concat',
7 verbose install     'gulp-minify-css',
7 verbose install     'gulp-rename',
7 verbose install     'bower',
7 verbose install     'gulp-util',
7 verbose install     'shelljs' ] ]
8 info preinstall myapp@1.0.0
9 verbose readDependencies using package.json deps
10 verbose cache add [ 'gulp@^3.5.6', null ]
11 verbose cache add name=undefined spec="gulp@^3.5.6" args=["gulp@^3.5.6",null]
12 verbose parsed url { protocol: null,
12 verbose parsed url   slashes: null,
12 verbose parsed url   auth: null,
12 verbose parsed url   host: null,
12 verbose parsed url   port: null,
12 verbose parsed url   hostname: null,
12 verbose parsed url   hash: null,
12 verbose parsed url   search: null,
12 verbose parsed url   query: null,
12 verbose parsed url   pathname: 'gulp@^3.5.6',
12 verbose parsed url   path: 'gulp@^3.5.6',
12 verbose parsed url   href: 'gulp@^3.5.6' }
13 verbose cache add [ 'gulp-sass@^0.7.1', null ]
14 verbose cache add name=undefined spec="gulp-sass@^0.7.1" args=["gulp-sass@^0.7.1",null]
15 verbose parsed url { protocol: null,
15 verbose parsed url   slashes: null,
15 verbose parsed url   auth: null,
15 verbose parsed url   host: null,
15 verbose parsed url   port: null,
15 verbose parsed url   hostname: null,
15 verbose parsed url   hash: null,
15 verbose parsed url   search: null,
15 verbose parsed url   query: null,
15 verbose parsed url   pathname: 'gulp-sass@^0.7.1',
15 verbose parsed url   path: 'gulp-sass@^0.7.1',
15 verbose parsed url   href: 'gulp-sass@^0.7.1' }
16 verbose cache add [ 'gulp-concat@^2.2.0', null ]
17 verbose cache add name=undefined spec="gulp-concat@^2.2.0" args=["gulp-concat@^2.2.0",null]
18 verbose parsed url { protocol: null,
18 verbose parsed url   slashes: null,
18 verbose parsed url   auth: null,
18 verbose parsed url   host: null,
18 verbose parsed url   port: null,
18 verbose parsed url   hostname: null,
18 verbose parsed url   hash: null,
18 verbose parsed url   search: null,
18 verbose parsed url   query: null,
18 verbose parsed url   pathname: 'gulp-concat@^2.2.0',
18 verbose parsed url   path: 'gulp-concat@^2.2.0',
18 verbose parsed url   href: 'gulp-concat@^2.2.0' }
19 verbose cache add [ 'gulp-minify-css@^0.3.0', null ]
20 verbose cache add name=undefined spec="gulp-minify-css@^0.3.0" args=["gulp-minify-css@^0.3.0",null]
21 verbose parsed url { protocol: null,
21 verbose parsed url   slashes: null,
21 verbose parsed url   auth: null,
21 verbose parsed url   host: null,
21 verbose parsed url   port: null,
21 verbose parsed url   hostname: null,
21 verbose parsed url   hash: null,
21 verbose parsed url   search: null,
21 verbose parsed url   query: null,
21 verbose parsed url   pathname: 'gulp-minify-css@^0.3.0',
21 verbose parsed url   path: 'gulp-minify-css@^0.3.0',
21 verbose parsed url   href: 'gulp-minify-css@^0.3.0' }
22 verbose cache add [ 'gulp-rename@^1.2.0', null ]
23 verbose cache add name=undefined spec="gulp-rename@^1.2.0" args=["gulp-rename@^1.2.0",null]
24 verbose parsed url { protocol: null,
24 verbose parsed url   slashes: null,
24 verbose parsed url   auth: null,
24 verbose parsed url   host: null,
24 verbose parsed url   port: null,
24 verbose parsed url   hostname: null,
24 verbose parsed url   hash: null,
24 verbose parsed url   search: null,
24 verbose parsed url   query: null,
24 verbose parsed url   pathname: 'gulp-rename@^1.2.0',
24 verbose parsed url   path: 'gulp-rename@^1.2.0',
24 verbose parsed url   href: 'gulp-rename@^1.2.0' }
25 verbose cache add name="gulp" spec="^3.5.6" args=["gulp","^3.5.6"]
26 verbose parsed url { protocol: null,
26 verbose parsed url   slashes: null,
26 verbose parsed url   auth: null,
26 verbose parsed url   host: null,
26 verbose parsed url   port: null,
26 verbose parsed url   hostname: null,
26 verbose parsed url   hash: null,
26 verbose parsed url   search: null,
26 verbose parsed url   query: null,
26 verbose parsed url   pathname: '^3.5.6',
26 verbose parsed url   path: '^3.5.6',
26 verbose parsed url   href: '^3.5.6' }
27 verbose addNamed [ 'gulp', '^3.5.6' ]
28 verbose addNamed [ null, '>=3.5.6-0 <4.0.0-0' ]
29 verbose cache add name="gulp-sass" spec="^0.7.1" args=["gulp-sass","^0.7.1"]
30 verbose parsed url { protocol: null,
30 verbose parsed url   slashes: null,
30 verbose parsed url   auth: null,
30 verbose parsed url   host: null,
30 verbose parsed url   port: null,
30 verbose parsed url   hostname: null,
30 verbose parsed url   hash: null,
30 verbose parsed url   search: null,
30 verbose parsed url   query: null,
30 verbose parsed url   pathname: '^0.7.1',
30 verbose parsed url   path: '^0.7.1',
30 verbose parsed url   href: '^0.7.1' }
31 verbose addNamed [ 'gulp-sass', '^0.7.1' ]
32 verbose addNamed [ null, '>=0.7.1-0 <0.8.0-0' ]
33 verbose cache add name="gulp-concat" spec="^2.2.0" args=["gulp-concat","^2.2.0"]
34 verbose parsed url { protocol: null,
34 verbose parsed url   slashes: null,
34 verbose parsed url   auth: null,
34 verbose parsed url   host: null,
34 verbose parsed url   port: null,
34 verbose parsed url   hostname: null,
34 verbose parsed url   hash: null,
34 verbose parsed url   search: null,
34 verbose parsed url   query: null,
34 verbose parsed url   pathname: '^2.2.0',
34 verbose parsed url   path: '^2.2.0',
34 verbose parsed url   href: '^2.2.0' }
35 verbose addNamed [ 'gulp-concat', '^2.2.0' ]
36 verbose addNamed [ null, '>=2.2.0-0 <3.0.0-0' ]
37 verbose cache add name="gulp-minify-css" spec="^0.3.0" args=["gulp-minify-css","^0.3.0"]
38 verbose parsed url { protocol: null,
38 verbose parsed url   slashes: null,
38 verbose parsed url   auth: null,
38 verbose parsed url   host: null,
38 verbose parsed url   port: null,
38 verbose parsed url   hostname: null,
38 verbose parsed url   hash: null,
38 verbose parsed url   search: null,
38 verbose parsed url   query: null,
38 verbose parsed url   pathname: '^0.3.0',
38 verbose parsed url   path: '^0.3.0',
38 verbose parsed url   href: '^0.3.0' }
39 verbose addNamed [ 'gulp-minify-css', '^0.3.0' ]
40 verbose addNamed [ null, '>=0.3.0-0 <0.4.0-0' ]
41 verbose cache add name="gulp-rename" spec="^1.2.0" args=["gulp-rename","^1.2.0"]
42 verbose parsed url { protocol: null,
42 verbose parsed url   slashes: null,
42 verbose parsed url   auth: null,
42 verbose parsed url   host: null,
42 verbose parsed url   port: null,
42 verbose parsed url   hostname: null,
42 verbose parsed url   hash: null,
42 verbose parsed url   search: null,
42 verbose parsed url   query: null,
42 verbose parsed url   pathname: '^1.2.0',
42 verbose parsed url   path: '^1.2.0',
42 verbose parsed url   href: '^1.2.0' }
43 verbose addNamed [ 'gulp-rename', '^1.2.0' ]
44 verbose addNamed [ null, '>=1.2.0-0 <2.0.0-0' ]
45 verbose cache add [ 'bower@^1.3.3', null ]
46 verbose cache add name=undefined spec="bower@^1.3.3" args=["bower@^1.3.3",null]
47 verbose parsed url { protocol: null,
47 verbose parsed url   slashes: null,
47 verbose parsed url   auth: null,
47 verbose parsed url   host: null,
47 verbose parsed url   port: null,
47 verbose parsed url   hostname: null,
47 verbose parsed url   hash: null,
47 verbose parsed url   search: null,
47 verbose parsed url   query: null,
47 verbose parsed url   pathname: 'bower@^1.3.3',
47 verbose parsed url   path: 'bower@^1.3.3',
47 verbose parsed url   href: 'bower@^1.3.3' }
48 verbose cache add [ 'gulp-util@^2.2.14', null ]
49 verbose cache add name=undefined spec="gulp-util@^2.2.14" args=["gulp-util@^2.2.14",null]
50 verbose parsed url { protocol: null,
50 verbose parsed url   slashes: null,
50 verbose parsed url   auth: null,
50 verbose parsed url   host: null,
50 verbose parsed url   port: null,
50 verbose parsed url   hostname: null,
50 verbose parsed url   hash: null,
50 verbose parsed url   search: null,
50 verbose parsed url   query: null,
50 verbose parsed url   pathname: 'gulp-util@^2.2.14',
50 verbose parsed url   path: 'gulp-util@^2.2.14',
50 verbose parsed url   href: 'gulp-util@^2.2.14' }
51 verbose cache add [ 'shelljs@^0.3.0', null ]
52 verbose cache add name=undefined spec="shelljs@^0.3.0" args=["shelljs@^0.3.0",null]
53 verbose parsed url { protocol: null,
53 verbose parsed url   slashes: null,
53 verbose parsed url   auth: null,
53 verbose parsed url   host: null,
53 verbose parsed url   port: null,
53 verbose parsed url   hostname: null,
53 verbose parsed url   hash: null,
53 verbose parsed url   search: null,
53 verbose parsed url   query: null,
53 verbose parsed url   pathname: 'shelljs@^0.3.0',
53 verbose parsed url   path: 'shelljs@^0.3.0',
53 verbose parsed url   href: 'shelljs@^0.3.0' }
54 silly lockFile 28ac0b1b-gulp-3-5-6 gulp@^3.5.6
55 verbose lock gulp@^3.5.6 /Users/anirudhsrivastava/.npm/28ac0b1b-gulp-3-5-6.lock
56 silly lockFile 77100620-gulp-sass-0-7-1 gulp-sass@^0.7.1
57 verbose lock gulp-sass@^0.7.1 /Users/anirudhsrivastava/.npm/77100620-gulp-sass-0-7-1.lock
58 silly lockFile bade1119-gulp-concat-2-2-0 gulp-concat@^2.2.0
59 verbose lock gulp-concat@^2.2.0 /Users/anirudhsrivastava/.npm/bade1119-gulp-concat-2-2-0.lock
60 silly lockFile 97140670-gulp-minify-css-0-3-0 gulp-minify-css@^0.3.0
61 verbose lock gulp-minify-css@^0.3.0 /Users/anirudhsrivastava/.npm/97140670-gulp-minify-css-0-3-0.lock
62 silly lockFile 31cef36d-gulp-rename-1-2-0 gulp-rename@^1.2.0
63 verbose lock gulp-rename@^1.2.0 /Users/anirudhsrivastava/.npm/31cef36d-gulp-rename-1-2-0.lock
64 verbose cache add name="bower" spec="^1.3.3" args=["bower","^1.3.3"]
65 verbose parsed url { protocol: null,
65 verbose parsed url   slashes: null,
65 verbose parsed url   auth: null,
65 verbose parsed url   host: null,
65 verbose parsed url   port: null,
65 verbose parsed url   hostname: null,
65 verbose parsed url   hash: null,
65 verbose parsed url   search: null,
65 verbose parsed url   query: null,
65 verbose parsed url   pathname: '^1.3.3',
65 verbose parsed url   path: '^1.3.3',
65 verbose parsed url   href: '^1.3.3' }
66 verbose addNamed [ 'bower', '^1.3.3' ]
67 verbose addNamed [ null, '>=1.3.3-0 <2.0.0-0' ]
68 silly lockFile 0aa5c27e-bower-1-3-3 bower@^1.3.3
69 verbose lock bower@^1.3.3 /Users/anirudhsrivastava/.npm/0aa5c27e-bower-1-3-3.lock
70 verbose cache add name="gulp-util" spec="^2.2.14" args=["gulp-util","^2.2.14"]
71 verbose parsed url { protocol: null,
71 verbose parsed url   slashes: null,
71 verbose parsed url   auth: null,
71 verbose parsed url   host: null,
71 verbose parsed url   port: null,
71 verbose parsed url   hostname: null,
71 verbose parsed url   hash: null,
71 verbose parsed url   search: null,
71 verbose parsed url   query: null,
71 verbose parsed url   pathname: '^2.2.14',
71 verbose parsed url   path: '^2.2.14',
71 verbose parsed url   href: '^2.2.14' }
72 verbose addNamed [ 'gulp-util', '^2.2.14' ]
73 verbose addNamed [ null, '>=2.2.14-0 <3.0.0-0' ]
74 silly lockFile e3e5f16b-gulp-util-2-2-14 gulp-util@^2.2.14
75 verbose lock gulp-util@^2.2.14 /Users/anirudhsrivastava/.npm/e3e5f16b-gulp-util-2-2-14.lock
76 verbose cache add name="shelljs" spec="^0.3.0" args=["shelljs","^0.3.0"]
77 verbose parsed url { protocol: null,
77 verbose parsed url   slashes: null,
77 verbose parsed url   auth: null,
77 verbose parsed url   host: null,
77 verbose parsed url   port: null,
77 verbose parsed url   hostname: null,
77 verbose parsed url   hash: null,
77 verbose parsed url   search: null,
77 verbose parsed url   query: null,
77 verbose parsed url   pathname: '^0.3.0',
77 verbose parsed url   path: '^0.3.0',
77 verbose parsed url   href: '^0.3.0' }
78 verbose addNamed [ 'shelljs', '^0.3.0' ]
79 verbose addNamed [ null, '>=0.3.0-0 <0.4.0-0' ]
80 silly lockFile 1ddaa962-shelljs-0-3-0 shelljs@^0.3.0
81 verbose lock shelljs@^0.3.0 /Users/anirudhsrivastava/.npm/1ddaa962-shelljs-0-3-0.lock
82 silly addNameRange { name: 'gulp', range: '>=3.5.6-0 <4.0.0-0', hasData: false }
83 silly addNameRange { name: 'gulp-sass',
83 silly addNameRange   range: '>=0.7.1-0 <0.8.0-0',
83 silly addNameRange   hasData: false }
84 silly addNameRange { name: 'gulp-concat',
84 silly addNameRange   range: '>=2.2.0-0 <3.0.0-0',
84 silly addNameRange   hasData: false }
85 silly addNameRange { name: 'gulp-minify-css',
85 silly addNameRange   range: '>=0.3.0-0 <0.4.0-0',
85 silly addNameRange   hasData: false }
86 silly addNameRange { name: 'gulp-rename',
86 silly addNameRange   range: '>=1.2.0-0 <2.0.0-0',
86 silly addNameRange   hasData: false }
87 silly addNameRange { name: 'bower', range: '>=1.3.3-0 <2.0.0-0', hasData: false }
88 silly addNameRange { name: 'gulp-util',
88 silly addNameRange   range: '>=2.2.14-0 <3.0.0-0',
88 silly addNameRange   hasData: false }
89 silly addNameRange { name: 'shelljs', range: '>=0.3.0-0 <0.4.0-0', hasData: false }
90 verbose request where is /gulp-sass
91 verbose request registry https://registry.npmjs.org/
92 verbose request id 0251e675150d6feb
93 verbose url raw /gulp-sass
94 verbose url resolving [ 'https://registry.npmjs.org/', './gulp-sass' ]
95 verbose url resolved https://registry.npmjs.org/gulp-sass
96 verbose request where is https://registry.npmjs.org/gulp-sass
97 info trying registry request attempt 1 at 13:57:49
98 http GET https://registry.npmjs.org/gulp-sass
99 verbose request where is /gulp-concat
100 verbose request registry https://registry.npmjs.org/
101 verbose url raw /gulp-concat
102 verbose url resolving [ 'https://registry.npmjs.org/', './gulp-concat' ]
103 verbose url resolved https://registry.npmjs.org/gulp-concat
104 verbose request where is https://registry.npmjs.org/gulp-concat
105 info trying registry request attempt 1 at 13:57:49
106 http GET https://registry.npmjs.org/gulp-concat
107 verbose request where is /gulp-minify-css
108 verbose request registry https://registry.npmjs.org/
109 verbose url raw /gulp-minify-css
110 verbose url resolving [ 'https://registry.npmjs.org/', './gulp-minify-css' ]
111 verbose url resolved https://registry.npmjs.org/gulp-minify-css
112 verbose request where is https://registry.npmjs.org/gulp-minify-css
113 info trying registry request attempt 1 at 13:57:49
114 http GET https://registry.npmjs.org/gulp-minify-css
115 verbose request where is /gulp-rename
116 verbose request registry https://registry.npmjs.org/
117 verbose url raw /gulp-rename
118 verbose url resolving [ 'https://registry.npmjs.org/', './gulp-rename' ]
119 verbose url resolved https://registry.npmjs.org/gulp-rename
120 verbose request where is https://registry.npmjs.org/gulp-rename
121 info trying registry request attempt 1 at 13:57:49
122 http GET https://registry.npmjs.org/gulp-rename
123 verbose request where is /gulp
124 verbose request registry https://registry.npmjs.org/
125 verbose url raw /gulp
126 verbose url resolving [ 'https://registry.npmjs.org/', './gulp' ]
127 verbose url resolved https://registry.npmjs.org/gulp
128 verbose request where is https://registry.npmjs.org/gulp
129 info trying registry request attempt 1 at 13:57:50
130 verbose etag "1VHLVOHK4R42EV3R9Y897709F"
131 http GET https://registry.npmjs.org/gulp
132 verbose request where is /gulp-util
133 verbose request registry https://registry.npmjs.org/
134 verbose url raw /gulp-util
135 verbose url resolving [ 'https://registry.npmjs.org/', './gulp-util' ]
136 verbose url resolved https://registry.npmjs.org/gulp-util
137 verbose request where is https://registry.npmjs.org/gulp-util
138 info trying registry request attempt 1 at 13:57:50
139 verbose etag "343LUSOKUTP1SMXS6OO3I4K2X"
140 http GET https://registry.npmjs.org/gulp-util
141 verbose request where is /shelljs
142 verbose request registry https://registry.npmjs.org/
143 verbose url raw /shelljs
144 verbose url resolving [ 'https://registry.npmjs.org/', './shelljs' ]
145 verbose url resolved https://registry.npmjs.org/shelljs
146 verbose request where is https://registry.npmjs.org/shelljs
147 info trying registry request attempt 1 at 13:57:50
148 verbose etag "27O08K2CMJ02JR4R1825U31YT"
149 http GET https://registry.npmjs.org/shelljs
150 verbose request where is /bower
151 verbose request registry https://registry.npmjs.org/
152 verbose url raw /bower
153 verbose url resolving [ 'https://registry.npmjs.org/', './bower' ]
154 verbose url resolved https://registry.npmjs.org/bower
155 verbose request where is https://registry.npmjs.org/bower
156 info trying registry request attempt 1 at 13:57:50
157 verbose etag "9WQET6GYB7QHG5UFTGDH0KLIN"
158 http GET https://registry.npmjs.org/bower
159 http 200 https://registry.npmjs.org/gulp-rename
160 silly registry.get cb [ 200,
160 silly registry.get   { date: 'Sat, 27 Dec 2014 08:27:51 GMT',
160 silly registry.get     server: 'CouchDB/1.5.0 (Erlang OTP/R16B03)',
160 silly registry.get     etag: '"255ITNIXVAECZ3R0B86BX51ME"',
160 silly registry.get     'content-type': 'application/json',
160 silly registry.get     'cache-control': 'max-age=60',
160 silly registry.get     'content-length': '9917',
160 silly registry.get     'accept-ranges': 'bytes',
160 silly registry.get     via: '1.1 varnish',
160 silly registry.get     age: '0',
160 silly registry.get     'x-served-by': 'cache-lax1430-LAX',
160 silly registry.get     'x-cache': 'HIT',
160 silly registry.get     'x-cache-hits': '1',
160 silly registry.get     'x-timer': 'S1419668871.943482,VS0,VE41',
160 silly registry.get     vary: 'Accept',
160 silly registry.get     'keep-alive': 'timeout=10, max=50',
160 silly registry.get     connection: 'Keep-Alive' } ]
161 silly addNameRange number 2 { name: 'gulp-rename',
161 silly addNameRange   range: '>=1.2.0-0 <2.0.0-0',
161 silly addNameRange   hasData: true }
162 silly addNameRange versions [ 'gulp-rename',
162 silly addNameRange   [ '0.1.0', '0.2.1', '0.2.2', '1.0.0', '1.1.0', '1.2.0' ] ]
163 verbose addNamed [ 'gulp-rename', '1.2.0' ]
164 verbose addNamed [ '1.2.0', '1.2.0' ]
165 silly lockFile 5981c611-gulp-rename-1-2-0 gulp-rename@1.2.0
166 verbose lock gulp-rename@1.2.0 /Users/anirudhsrivastava/.npm/5981c611-gulp-rename-1-2-0.lock
167 silly lockFile b4be9a05-ulp-rename-gulp-rename-1-2-0-tgz https://registry.npmjs.org/gulp-rename/-/gulp-rename-1.2.0.tgz
168 verbose lock https://registry.npmjs.org/gulp-rename/-/gulp-rename-1.2.0.tgz /Users/anirudhsrivastava/.npm/b4be9a05-ulp-rename-gulp-rename-1-2-0-tgz.lock
169 verbose addRemoteTarball [ 'https://registry.npmjs.org/gulp-rename/-/gulp-rename-1.2.0.tgz',
169 verbose addRemoteTarball   '060394a09b085cf5d46fc48acdc5657f8fee9e4e' ]
170 info retry fetch attempt 1 at 13:57:51
171 verbose fetch to= /var/folders/rd/93tskzt95hv09dbsr3x5bf0r0000gn/T/npm-8423-utEFawnv/registry.npmjs.org/gulp-rename/-/gulp-rename-1.2.0.tgz
172 http GET https://registry.npmjs.org/gulp-rename/-/gulp-rename-1.2.0.tgz
173 http 304 https://registry.npmjs.org/gulp
174 silly registry.get cb [ 304,
174 silly registry.get   { date: 'Sat, 27 Dec 2014 08:27:51 GMT',
174 silly registry.get     server: 'Apache',
174 silly registry.get     via: '1.1 varnish',
174 silly registry.get     'last-modified': 'Sat, 27 Dec 2014 08:27:52 GMT',
174 silly registry.get     'cache-control': 'max-age=60',
174 silly registry.get     etag: '"1VHLVOHK4R42EV3R9Y897709F"',
174 silly registry.get     age: '0',
174 silly registry.get     'x-served-by': 'cache-lax1432-LAX',
174 silly registry.get     'x-cache': 'HIT',
174 silly registry.get     'x-cache-hits': '1',
174 silly registry.get     'x-timer': 'S1419668871.971312,VS0,VE305',
174 silly registry.get     vary: 'Accept',
174 silly registry.get     'content-length': '0',
174 silly registry.get     'keep-alive': 'timeout=10, max=50',
174 silly registry.get     connection: 'Keep-Alive' } ]
175 verbose etag https://registry.npmjs.org/gulp from cache
176 silly addNameRange number 2 { name: 'gulp', range: '>=3.5.6-0 <4.0.0-0', hasData: true }
177 silly addNameRange versions [ 'gulp',
177 silly addNameRange   [ '0.0.1',
177 silly addNameRange     '0.0.2',
177 silly addNameRange     '0.0.3',
177 silly addNameRange     '0.0.4',
177 silly addNameRange     '0.0.5',
177 silly addNameRange     '0.0.7',
177 silly addNameRange     '0.0.8',
177 silly addNameRange     '0.0.9',
177 silly addNameRange     '0.1.0',
177 silly addNameRange     '0.2.0',
177 silly addNameRange     '1.0.0',
177 silly addNameRange     '1.1.0',
177 silly addNameRange     '1.2.0',
177 silly addNameRange     '1.2.1',
177 silly addNameRange     '2.0.0',
177 silly addNameRange     '2.0.1',
177 silly addNameRange     '2.1.0',
177 silly addNameRange     '2.2.0',
177 silly addNameRange     '2.3.0',
177 silly addNameRange     '2.4.0',
177 silly addNameRange     '2.4.1',
177 silly addNameRange     '2.6.0',
177 silly addNameRange     '2.6.1',
177 silly addNameRange     '2.7.0',
177 silly addNameRange     '3.0.0',
177 silly addNameRange     '3.1.1',
177 silly addNameRange     '3.1.2',
177 silly addNameRange     '3.1.3',
177 silly addNameRange     '3.1.4',
177 silly addNameRange     '3.2.0',
177 silly addNameRange     '3.2.1',
177 silly addNameRange     '3.2.2',
177 silly addNameRange     '3.2.3',
177 silly addNameRange     '3.2.4',
177 silly addNameRange     '3.2.5',
177 silly addNameRange     '3.3.0',
177 silly addNameRange     '3.3.1',
177 silly addNameRange     '3.3.2',
177 silly addNameRange     '3.3.4',
177 silly addNameRange     '3.4.0',
177 silly addNameRange     '3.5.0',
177 silly addNameRange     '3.5.1',
177 silly addNameRange     '3.5.2',
177 silly addNameRange     '3.5.5',
177 silly addNameRange     '3.5.6',
177 silly addNameRange     '3.6.0',
177 silly addNameRange     '3.6.1',
177 silly addNameRange     '3.6.2',
177 silly addNameRange     '3.7.0',
177 silly addNameRange     '3.8.0',
177 silly addNameRange     '3.8.1',
177 silly addNameRange     '3.8.2',
177 silly addNameRange     '3.8.3',
177 silly addNameRange     '3.8.4',
177 silly addNameRange     '3.8.5',
177 silly addNameRange     '3.8.6',
177 silly addNameRange     '3.8.7',
177 silly addNameRange     '3.8.8',
177 silly addNameRange     '3.8.9',
177 silly addNameRange     '3.8.10' ] ]
178 verbose addNamed [ 'gulp', '3.8.10' ]
179 verbose addNamed [ '3.8.10', '3.8.10' ]
180 silly lockFile f843d0d7-gulp-3-8-10 gulp@3.8.10
181 verbose lock gulp@3.8.10 /Users/anirudhsrivastava/.npm/f843d0d7-gulp-3-8-10.lock
182 silly lockFile f843d0d7-gulp-3-8-10 gulp@3.8.10
183 silly lockFile f843d0d7-gulp-3-8-10 gulp@3.8.10
184 silly lockFile 28ac0b1b-gulp-3-5-6 gulp@^3.5.6
185 silly lockFile 28ac0b1b-gulp-3-5-6 gulp@^3.5.6
186 http 304 https://registry.npmjs.org/gulp-util
187 silly registry.get cb [ 304,
187 silly registry.get   { date: 'Sat, 27 Dec 2014 08:27:52 GMT',
187 silly registry.get     server: 'Apache',
187 silly registry.get     via: '1.1 varnish',
187 silly registry.get     'last-modified': 'Sat, 27 Dec 2014 08:27:52 GMT',
187 silly registry.get     'cache-control': 'max-age=60',
187 silly registry.get     etag: '"343LUSOKUTP1SMXS6OO3I4K2X"',
187 silly registry.get     age: '24',
187 silly registry.get     'x-served-by': 'cache-lax1430-LAX',
187 silly registry.get     'x-cache': 'HIT',
187 silly registry.get     'x-cache-hits': '1',
187 silly registry.get     'x-timer': 'S1419668872.395932,VS0,VE0',
187 silly registry.get     vary: 'Accept',
187 silly registry.get     'content-length': '0',
187 silly registry.get     'keep-alive': 'timeout=10, max=49',
187 silly registry.get     connection: 'Keep-Alive' } ]
188 verbose etag https://registry.npmjs.org/gulp-util from cache
189 silly addNameRange number 2 { name: 'gulp-util',
189 silly addNameRange   range: '>=2.2.14-0 <3.0.0-0',
189 silly addNameRange   hasData: true }
190 silly addNameRange versions [ 'gulp-util',
190 silly addNameRange   [ '0.0.1',
190 silly addNameRange     '1.0.0',
190 silly addNameRange     '1.1.0',
190 silly addNameRange     '1.1.1',
190 silly addNameRange     '1.2.0',
190 silly addNameRange     '1.3.0',
190 silly addNameRange     '2.0.0',
190 silly addNameRange     '2.1.1',
190 silly addNameRange     '2.1.2',
190 silly addNameRange     '2.1.3',
190 silly addNameRange     '2.1.4',
190 silly addNameRange     '2.2.0',
190 silly addNameRange     '2.2.1',
190 silly addNameRange     '2.2.2',
190 silly addNameRange     '2.2.3',
190 silly addNameRange     '2.2.5',
190 silly addNameRange     '2.2.6',
190 silly addNameRange     '2.2.7',
190 silly addNameRange     '2.2.8',
190 silly addNameRange     '2.2.9',
190 silly addNameRange     '2.2.10',
190 silly addNameRange     '2.2.11',
190 silly addNameRange     '2.2.12',
190 silly addNameRange     '2.2.13',
190 silly addNameRange     '2.2.14',
190 silly addNameRange     '2.2.15',
190 silly addNameRange     '2.2.16',
190 silly addNameRange     '2.2.17',
190 silly addNameRange     '2.2.18',
190 silly addNameRange     '2.2.19',
190 silly addNameRange     '2.2.20',
190 silly addNameRange     '3.0.0',
190 silly addNameRange     '3.0.1' ] ]
191 verbose addNamed [ 'gulp-util', '2.2.20' ]
192 verbose addNamed [ '2.2.20', '2.2.20' ]
193 silly lockFile 48c194cb-gulp-util-2-2-20 gulp-util@2.2.20
194 verbose lock gulp-util@2.2.20 /Users/anirudhsrivastava/.npm/48c194cb-gulp-util-2-2-20.lock
195 silly lockFile 34166e88-g-gulp-util-gulp-util-2-2-20-tgz https://registry.npmjs.org/gulp-util/-/gulp-util-2.2.20.tgz
196 verbose lock https://registry.npmjs.org/gulp-util/-/gulp-util-2.2.20.tgz /Users/anirudhsrivastava/.npm/34166e88-g-gulp-util-gulp-util-2-2-20-tgz.lock
197 verbose addRemoteTarball [ 'https://registry.npmjs.org/gulp-util/-/gulp-util-2.2.20.tgz',
197 verbose addRemoteTarball   'd7146e5728910bd8f047a6b0b1e549bc22dbd64c' ]
198 info retry fetch attempt 1 at 13:57:51
199 verbose fetch to= /var/folders/rd/93tskzt95hv09dbsr3x5bf0r0000gn/T/npm-8423-utEFawnv/registry.npmjs.org/gulp-util/-/gulp-util-2.2.20.tgz
200 http GET https://registry.npmjs.org/gulp-util/-/gulp-util-2.2.20.tgz
201 http 200 https://registry.npmjs.org/gulp-sass
202 silly registry.get cb [ 200,
202 silly registry.get   { date: 'Sat, 27 Dec 2014 08:27:52 GMT',
202 silly registry.get     server: 'CouchDB/1.5.0 (Erlang OTP/R16B03)',
202 silly registry.get     etag: '"1NHYTN46FBHKQYXTR51X88IXG"',
202 silly registry.get     'content-type': 'application/json',
202 silly registry.get     'cache-control': 'max-age=60',
202 silly registry.get     'content-length': '27162',
202 silly registry.get     'accept-ranges': 'bytes',
202 silly registry.get     via: '1.1 varnish',
202 silly registry.get     age: '0',
202 silly registry.get     'x-served-by': 'cache-lax1433-LAX',
202 silly registry.get     'x-cache': 'HIT',
202 silly registry.get     'x-cache-hits': '1',
202 silly registry.get     'x-timer': 'S1419668871.958452,VS0,VE181',
202 silly registry.get     vary: 'Accept',
202 silly registry.get     'keep-alive': 'timeout=10, max=50',
202 silly registry.get     connection: 'Keep-Alive' } ]
203 silly addNameRange number 2 { name: 'gulp-sass', range: '>=0.7.1-0 <0.8.0-0', hasData: true }
204 silly addNameRange versions [ 'gulp-sass',
204 silly addNameRange   [ '0.1.0',
204 silly addNameRange     '0.2.1',
204 silly addNameRange     '0.2.2',
204 silly addNameRange     '0.2.3',
204 silly addNameRange     '0.3.0',
204 silly addNameRange     '0.4.0',
204 silly addNameRange     '0.4.1',
204 silly addNameRange     '0.5.0',
204 silly addNameRange     '0.5.1',
204 silly addNameRange     '0.5.2',
204 silly addNameRange     '0.6.0',
204 silly addNameRange     '0.7.0',
204 silly addNameRange     '0.7.1',
204 silly addNameRange     '0.7.2',
204 silly addNameRange     '0.7.3',
204 silly addNameRange     '1.0.0',
204 silly addNameRange     '1.1.0',
204 silly addNameRange     '1.2.0',
204 silly addNameRange     '1.2.1',
204 silly addNameRange     '1.2.2',
204 silly addNameRange     '1.2.3',
204 silly addNameRange     '1.2.4' ] ]
205 verbose addNamed [ 'gulp-sass', '0.7.3' ]
206 verbose addNamed [ '0.7.3', '0.7.3' ]
207 silly lockFile 721f0c96-gulp-sass-0-7-3 gulp-sass@0.7.3
208 verbose lock gulp-sass@0.7.3 /Users/anirudhsrivastava/.npm/721f0c96-gulp-sass-0-7-3.lock
209 silly lockFile d66f14f4-rg-gulp-sass-gulp-sass-0-7-3-tgz https://registry.npmjs.org/gulp-sass/-/gulp-sass-0.7.3.tgz
210 verbose lock https://registry.npmjs.org/gulp-sass/-/gulp-sass-0.7.3.tgz /Users/anirudhsrivastava/.npm/d66f14f4-rg-gulp-sass-gulp-sass-0-7-3-tgz.lock
211 verbose addRemoteTarball [ 'https://registry.npmjs.org/gulp-sass/-/gulp-sass-0.7.3.tgz',
211 verbose addRemoteTarball   '4bfbb4e4d95a40be8beeebe07e8e477e7f7a2edc' ]
212 info retry fetch attempt 1 at 13:57:51
213 verbose fetch to= /var/folders/rd/93tskzt95hv09dbsr3x5bf0r0000gn/T/npm-8423-utEFawnv/registry.npmjs.org/gulp-sass/-/gulp-sass-0.7.3.tgz
214 http GET https://registry.npmjs.org/gulp-sass/-/gulp-sass-0.7.3.tgz
215 http 200 https://registry.npmjs.org/gulp-minify-css
216 silly registry.get cb [ 200,
216 silly registry.get   { date: 'Sat, 27 Dec 2014 08:27:52 GMT',
216 silly registry.get     server: 'CouchDB/1.5.0 (Erlang OTP/R16B03)',
216 silly registry.get     etag: '"TTE2AHEUOKOQTHUT2YQSW0L2"',
216 silly registry.get     'content-type': 'application/json',
216 silly registry.get     'cache-control': 'max-age=60',
216 silly registry.get     'content-length': '22073',
216 silly registry.get     'accept-ranges': 'bytes',
216 silly registry.get     via: '1.1 varnish',
216 silly registry.get     age: '0',
216 silly registry.get     'x-served-by': 'cache-lax1421-LAX',
216 silly registry.get     'x-cache': 'HIT',
216 silly registry.get     'x-cache-hits': '1',
216 silly registry.get     'x-timer': 'S1419668871.950005,VS0,VE313',
216 silly registry.get     vary: 'Accept',
216 silly registry.get     'keep-alive': 'timeout=10, max=50',
216 silly registry.get     connection: 'Keep-Alive' } ]
217 silly addNameRange number 2 { name: 'gulp-minify-css',
217 silly addNameRange   range: '>=0.3.0-0 <0.4.0-0',
217 silly addNameRange   hasData: true }
218 silly addNameRange versions [ 'gulp-minify-css',
218 silly addNameRange   [ '0.0.1',
218 silly addNameRange     '0.1.0',
218 silly addNameRange     '0.2.0',
218 silly addNameRange     '0.3.0',
218 silly addNameRange     '0.3.1',
218 silly addNameRange     '0.3.2',
218 silly addNameRange     '0.3.3',
218 silly addNameRange     '0.3.4',
218 silly addNameRange     '0.3.5',
218 silly addNameRange     '0.3.6',
218 silly addNameRange     '0.3.7',
218 silly addNameRange     '0.3.8',
218 silly addNameRange     '0.3.9',
218 silly addNameRange     '0.3.10',
218 silly addNameRange     '0.3.11' ] ]
219 verbose addNamed [ 'gulp-minify-css', '0.3.11' ]
220 verbose addNamed [ '0.3.11', '0.3.11' ]
221 silly lockFile 45873031-gulp-minify-css-0-3-11 gulp-minify-css@0.3.11
222 verbose lock gulp-minify-css@0.3.11 /Users/anirudhsrivastava/.npm/45873031-gulp-minify-css-0-3-11.lock
223 silly lockFile ae01cb9a-y-css-gulp-minify-css-0-3-11-tgz https://registry.npmjs.org/gulp-minify-css/-/gulp-minify-css-0.3.11.tgz
224 verbose lock https://registry.npmjs.org/gulp-minify-css/-/gulp-minify-css-0.3.11.tgz /Users/anirudhsrivastava/.npm/ae01cb9a-y-css-gulp-minify-css-0-3-11-tgz.lock
225 verbose addRemoteTarball [ 'https://registry.npmjs.org/gulp-minify-css/-/gulp-minify-css-0.3.11.tgz',
225 verbose addRemoteTarball   'e2133aaacb09e8ac439e2e398483cde35e323b76' ]
226 info retry fetch attempt 1 at 13:57:52
227 verbose fetch to= /var/folders/rd/93tskzt95hv09dbsr3x5bf0r0000gn/T/npm-8423-utEFawnv/registry.npmjs.org/gulp-minify-css/-/gulp-minify-css-0.3.11.tgz
228 http GET https://registry.npmjs.org/gulp-minify-css/-/gulp-minify-css-0.3.11.tgz
229 http 200 https://registry.npmjs.org/gulp-concat
230 silly registry.get cb [ 200,
230 silly registry.get   { date: 'Sat, 27 Dec 2014 08:27:52 GMT',
230 silly registry.get     server: 'CouchDB/1.5.0 (Erlang OTP/R16B03)',
230 silly registry.get     etag: '"DEEX7VE609AWMJ1OJWYX16D25"',
230 silly registry.get     'content-type': 'application/json',
230 silly registry.get     'cache-control': 'max-age=60',
230 silly registry.get     'content-length': '28820',
230 silly registry.get     'accept-ranges': 'bytes',
230 silly registry.get     via: '1.1 varnish',
230 silly registry.get     age: '0',
230 silly registry.get     'x-served-by': 'cache-lax1431-LAX',
230 silly registry.get     'x-cache': 'HIT',
230 silly registry.get     'x-cache-hits': '1',
230 silly registry.get     'x-timer': 'S1419668871.964331,VS0,VE309',
230 silly registry.get     vary: 'Accept',
230 silly registry.get     'keep-alive': 'timeout=10, max=50',
230 silly registry.get     connection: 'Keep-Alive' } ]
231 http 304 https://registry.npmjs.org/shelljs
232 silly registry.get cb [ 304,
232 silly registry.get   { date: 'Sat, 27 Dec 2014 08:27:52 GMT',
232 silly registry.get     server: 'Apache',
232 silly registry.get     via: '1.1 varnish',
232 silly registry.get     'last-modified': 'Sat, 27 Dec 2014 08:27:51 GMT',
232 silly registry.get     'cache-control': 'max-age=60',
232 silly registry.get     etag: '"27O08K2CMJ02JR4R1825U31YT"',
232 silly registry.get     age: '28',
232 silly registry.get     'x-served-by': 'cache-lax1432-LAX',
232 silly registry.get     'x-cache': 'HIT',
232 silly registry.get     'x-cache-hits': '2',
232 silly registry.get     'x-timer': 'S1419668872.582641,VS0,VE0',
232 silly registry.get     vary: 'Accept',
232 silly registry.get     'content-length': '0',
232 silly registry.get     'keep-alive': 'timeout=10, max=49',
232 silly registry.get     connection: 'Keep-Alive' } ]
233 verbose etag https://registry.npmjs.org/shelljs from cache
234 silly addNameRange number 2 { name: 'shelljs', range: '>=0.3.0-0 <0.4.0-0', hasData: true }
235 silly addNameRange versions [ 'shelljs',
235 silly addNameRange   [ '0.0.1',
235 silly addNameRange     '0.0.2',
235 silly addNameRange     '0.0.3',
235 silly addNameRange     '0.0.4',
235 silly addNameRange     '0.0.5',
235 silly addNameRange     '0.0.6',
235 silly addNameRange     '0.0.7',
235 silly addNameRange     '0.0.8',
235 silly addNameRange     '0.0.9',
235 silly addNameRange     '0.1.0',
235 silly addNameRange     '0.1.1',
235 silly addNameRange     '0.1.2',
235 silly addNameRange     '0.1.3',
235 silly addNameRange     '0.1.4',
235 silly addNameRange     '0.2.0',
235 silly addNameRange     '0.2.1',
235 silly addNameRange     '0.2.2',
235 silly addNameRange     '0.2.3',
235 silly addNameRange     '0.2.4',
235 silly addNameRange     '0.2.5',
235 silly addNameRange     '0.2.6',
235 silly addNameRange     '0.3.0',
235 silly addNameRange     '0.0.1-alpha1',
235 silly addNameRange     '0.0.2-pre1',
235 silly addNameRange     '0.0.4-pre1',
235 silly addNameRange     '0.0.5-pre1',
235 silly addNameRange     '0.0.5-pre2',
235 silly addNameRange     '0.0.5-pre3',
235 silly addNameRange     '0.0.5-pre4',
235 silly addNameRange     '0.0.6-pre1',
235 silly addNameRange     '0.0.6-pre2' ] ]
236 verbose addNamed [ 'shelljs', '0.3.0' ]
237 verbose addNamed [ '0.3.0', '0.3.0' ]
238 silly lockFile 7d3918b1-shelljs-0-3-0 shelljs@0.3.0
239 verbose lock shelljs@0.3.0 /Users/anirudhsrivastava/.npm/7d3918b1-shelljs-0-3-0.lock
240 silly addNameRange number 2 { name: 'gulp-concat',
240 silly addNameRange   range: '>=2.2.0-0 <3.0.0-0',
240 silly addNameRange   hasData: true }
241 silly addNameRange versions [ 'gulp-concat',
241 silly addNameRange   [ '0.0.1',
241 silly addNameRange     '1.0.0',
241 silly addNameRange     '1.1.0',
241 silly addNameRange     '2.0.0',
241 silly addNameRange     '2.1.0',
241 silly addNameRange     '2.1.1',
241 silly addNameRange     '2.1.2',
241 silly addNameRange     '2.1.3',
241 silly addNameRange     '2.1.4',
241 silly addNameRange     '2.1.5',
241 silly addNameRange     '2.1.6',
241 silly addNameRange     '2.1.7',
241 silly addNameRange     '2.2.0',
241 silly addNameRange     '2.3.0',
241 silly addNameRange     '2.3.3',
241 silly addNameRange     '2.3.4',
241 silly addNameRange     '2.3.5',
241 silly addNameRange     '2.4.0',
241 silly addNameRange     '2.4.1',
241 silly addNameRange     '2.4.2' ] ]
242 verbose addNamed [ 'gulp-concat', '2.4.2' ]
243 verbose addNamed [ '2.4.2', '2.4.2' ]
244 silly lockFile 00e29c6f-gulp-concat-2-4-2 gulp-concat@2.4.2
245 verbose lock gulp-concat@2.4.2 /Users/anirudhsrivastava/.npm/00e29c6f-gulp-concat-2-4-2.lock
246 silly lockFile 1c607d06-ulp-concat-gulp-concat-2-4-2-tgz https://registry.npmjs.org/gulp-concat/-/gulp-concat-2.4.2.tgz
247 verbose lock https://registry.npmjs.org/gulp-concat/-/gulp-concat-2.4.2.tgz /Users/anirudhsrivastava/.npm/1c607d06-ulp-concat-gulp-concat-2-4-2-tgz.lock
248 verbose addRemoteTarball [ 'https://registry.npmjs.org/gulp-concat/-/gulp-concat-2.4.2.tgz',
248 verbose addRemoteTarball   '1b3ed877763674e8d3de5eca8ed382f0261ec2ea' ]
249 silly lockFile 7d3918b1-shelljs-0-3-0 shelljs@0.3.0
250 silly lockFile 7d3918b1-shelljs-0-3-0 shelljs@0.3.0
251 silly lockFile 1ddaa962-shelljs-0-3-0 shelljs@^0.3.0
252 silly lockFile 1ddaa962-shelljs-0-3-0 shelljs@^0.3.0
253 info retry fetch attempt 1 at 13:57:52
254 verbose fetch to= /var/folders/rd/93tskzt95hv09dbsr3x5bf0r0000gn/T/npm-8423-utEFawnv/registry.npmjs.org/gulp-concat/-/gulp-concat-2.4.2.tgz
255 http GET https://registry.npmjs.org/gulp-concat/-/gulp-concat-2.4.2.tgz
256 http 200 https://registry.npmjs.org/gulp-rename/-/gulp-rename-1.2.0.tgz
257 silly lockFile b4be9a05-ulp-rename-gulp-rename-1-2-0-tgz https://registry.npmjs.org/gulp-rename/-/gulp-rename-1.2.0.tgz
258 silly lockFile b4be9a05-ulp-rename-gulp-rename-1-2-0-tgz https://registry.npmjs.org/gulp-rename/-/gulp-rename-1.2.0.tgz
259 silly lockFile 5981c611-gulp-rename-1-2-0 gulp-rename@1.2.0
260 silly lockFile 5981c611-gulp-rename-1-2-0 gulp-rename@1.2.0
261 silly lockFile 31cef36d-gulp-rename-1-2-0 gulp-rename@^1.2.0
262 silly lockFile 31cef36d-gulp-rename-1-2-0 gulp-rename@^1.2.0
263 http 200 https://registry.npmjs.org/bower
264 silly registry.get cb [ 200,
264 silly registry.get   { date: 'Sat, 27 Dec 2014 08:27:52 GMT',
264 silly registry.get     server: 'CouchDB/1.5.0 (Erlang OTP/R14B04)',
264 silly registry.get     etag: '"AQXE111KUAIDXV6KKCFBKV2J0"',
264 silly registry.get     'content-type': 'application/json',
264 silly registry.get     'cache-control': 'max-age=60',
264 silly registry.get     'content-length': '105833',
264 silly registry.get     'accept-ranges': 'bytes',
264 silly registry.get     via: '1.1 varnish',
264 silly registry.get     age: '0',
264 silly registry.get     'x-served-by': 'cache-lax1430-LAX',
264 silly registry.get     'x-cache': 'HIT',
264 silly registry.get     'x-cache-hits': '1',
264 silly registry.get     'x-timer': 'S1419668872.673159,VS0,VE0',
264 silly registry.get     vary: 'Accept',
264 silly registry.get     'keep-alive': 'timeout=10, max=48',
264 silly registry.get     connection: 'Keep-Alive' } ]
265 silly addNameRange number 2 { name: 'bower', range: '>=1.3.3-0 <2.0.0-0', hasData: true }
266 silly addNameRange versions [ 'bower',
266 silly addNameRange   [ '0.1.0',
266 silly addNameRange     '0.1.2',
266 silly addNameRange     '0.1.3',
266 silly addNameRange     '0.2.0',
266 silly addNameRange     '0.3.0',
266 silly addNameRange     '0.3.1',
266 silly addNameRange     '0.3.2',
266 silly addNameRange     '0.4.0',
266 silly addNameRange     '0.5.0',
266 silly addNameRange     '0.5.1',
266 silly addNameRange     '0.6.0',
266 silly addNameRange     '0.6.1',
266 silly addNameRange     '0.6.2',
266 silly addNameRange     '0.6.3',
266 silly addNameRange     '0.6.4',
266 silly addNameRange     '0.6.5',
266 silly addNameRange     '0.6.6',
266 silly addNameRange     '0.6.7',
266 silly addNameRange     '0.6.8',
266 silly addNameRange     '0.7.0',
266 silly addNameRange     '0.7.1',
266 silly addNameRange     '0.8.0',
266 silly addNameRange     '0.8.1',
266 silly addNameRange     '0.8.2',
266 silly addNameRange     '0.8.3',
266 silly addNameRange     '0.8.4',
266 silly addNameRange     '0.8.5',
266 silly addNameRange     '0.8.6',
266 silly addNameRange     '0.9.0',
266 silly addNameRange     '0.9.1',
266 silly addNameRange     '0.9.2',
266 silly addNameRange     '0.10.0',
266 silly addNameRange     '1.0.0',
266 silly addNameRange     '1.0.1',
266 silly addNameRange     '1.0.2',
266 silly addNameRange     '1.0.3',
266 silly addNameRange     '1.1.0',
266 silly addNameRange     '1.1.1',
266 silly addNameRange     '1.1.2',
266 silly addNameRange     '1.2.0',
266 silly addNameRange     '1.2.1',
266 silly addNameRange     '1.2.2',
266 silly addNameRange     '1.2.3',
266 silly addNameRange     '1.2.4',
266 silly addNameRange     '1.2.5',
266 silly addNameRange     '1.2.6',
266 silly addNameRange     '1.2.7',
266 silly addNameRange     '1.2.8',
266 silly addNameRange     '1.3.0',
266 silly addNameRange     '1.3.1',
266 silly addNameRange     '1.3.2',
266 silly addNameRange     '1.3.3',
266 silly addNameRange     '1.3.4',
266 silly addNameRange     '1.3.5',
266 silly addNameRange     '1.3.6',
266 silly addNameRange     '1.3.7',
266 silly addNameRange     '1.3.8',
266 silly addNameRange     '1.3.9',
266 silly addNameRange     '1.3.10',
266 silly addNameRange     '1.3.11',
266 silly addNameRange     '1.3.12' ] ]
267 verbose addNamed [ 'bower', '1.3.12' ]
268 verbose addNamed [ '1.3.12', '1.3.12' ]
269 silly lockFile 9819431c-bower-1-3-12 bower@1.3.12
270 verbose lock bower@1.3.12 /Users/anirudhsrivastava/.npm/9819431c-bower-1-3-12.lock
271 silly lockFile b05fd70b-npmjs-org-bower-bower-1-3-12-tgz https://registry.npmjs.org/bower/-/bower-1.3.12.tgz
272 verbose lock https://registry.npmjs.org/bower/-/bower-1.3.12.tgz /Users/anirudhsrivastava/.npm/b05fd70b-npmjs-org-bower-bower-1-3-12-tgz.lock
273 verbose addRemoteTarball [ 'https://registry.npmjs.org/bower/-/bower-1.3.12.tgz',
273 verbose addRemoteTarball   '37de0edb3904baf90aee13384a1a379a05ee214c' ]
274 info retry fetch attempt 1 at 13:57:53
275 verbose fetch to= /var/folders/rd/93tskzt95hv09dbsr3x5bf0r0000gn/T/npm-8423-utEFawnv/registry.npmjs.org/bower/-/bower-1.3.12.tgz
276 http GET https://registry.npmjs.org/bower/-/bower-1.3.12.tgz
277 http 200 https://registry.npmjs.org/gulp-util/-/gulp-util-2.2.20.tgz
278 silly lockFile 34166e88-g-gulp-util-gulp-util-2-2-20-tgz https://registry.npmjs.org/gulp-util/-/gulp-util-2.2.20.tgz
279 silly lockFile 34166e88-g-gulp-util-gulp-util-2-2-20-tgz https://registry.npmjs.org/gulp-util/-/gulp-util-2.2.20.tgz
280 silly lockFile 48c194cb-gulp-util-2-2-20 gulp-util@2.2.20
281 silly lockFile 48c194cb-gulp-util-2-2-20 gulp-util@2.2.20
282 silly lockFile e3e5f16b-gulp-util-2-2-14 gulp-util@^2.2.14
283 silly lockFile e3e5f16b-gulp-util-2-2-14 gulp-util@^2.2.14
284 http 200 https://registry.npmjs.org/gulp-sass/-/gulp-sass-0.7.3.tgz
285 silly lockFile d66f14f4-rg-gulp-sass-gulp-sass-0-7-3-tgz https://registry.npmjs.org/gulp-sass/-/gulp-sass-0.7.3.tgz
286 silly lockFile d66f14f4-rg-gulp-sass-gulp-sass-0-7-3-tgz https://registry.npmjs.org/gulp-sass/-/gulp-sass-0.7.3.tgz
287 silly lockFile 721f0c96-gulp-sass-0-7-3 gulp-sass@0.7.3
288 silly lockFile 721f0c96-gulp-sass-0-7-3 gulp-sass@0.7.3
289 silly lockFile 77100620-gulp-sass-0-7-1 gulp-sass@^0.7.1
290 silly lockFile 77100620-gulp-sass-0-7-1 gulp-sass@^0.7.1
291 http 200 https://registry.npmjs.org/gulp-minify-css/-/gulp-minify-css-0.3.11.tgz
292 silly lockFile ae01cb9a-y-css-gulp-minify-css-0-3-11-tgz https://registry.npmjs.org/gulp-minify-css/-/gulp-minify-css-0.3.11.tgz
293 silly lockFile ae01cb9a-y-css-gulp-minify-css-0-3-11-tgz https://registry.npmjs.org/gulp-minify-css/-/gulp-minify-css-0.3.11.tgz
294 silly lockFile 45873031-gulp-minify-css-0-3-11 gulp-minify-css@0.3.11
295 silly lockFile 45873031-gulp-minify-css-0-3-11 gulp-minify-css@0.3.11
296 silly lockFile 97140670-gulp-minify-css-0-3-0 gulp-minify-css@^0.3.0
297 silly lockFile 97140670-gulp-minify-css-0-3-0 gulp-minify-css@^0.3.0
298 http 200 https://registry.npmjs.org/gulp-concat/-/gulp-concat-2.4.2.tgz
299 silly lockFile 1c607d06-ulp-concat-gulp-concat-2-4-2-tgz https://registry.npmjs.org/gulp-concat/-/gulp-concat-2.4.2.tgz
300 silly lockFile 1c607d06-ulp-concat-gulp-concat-2-4-2-tgz https://registry.npmjs.org/gulp-concat/-/gulp-concat-2.4.2.tgz
301 silly lockFile 00e29c6f-gulp-concat-2-4-2 gulp-concat@2.4.2
302 silly lockFile 00e29c6f-gulp-concat-2-4-2 gulp-concat@2.4.2
303 silly lockFile bade1119-gulp-concat-2-2-0 gulp-concat@^2.2.0
304 silly lockFile bade1119-gulp-concat-2-2-0 gulp-concat@^2.2.0
305 http 200 https://registry.npmjs.org/bower/-/bower-1.3.12.tgz
306 silly lockFile b05fd70b-npmjs-org-bower-bower-1-3-12-tgz https://registry.npmjs.org/bower/-/bower-1.3.12.tgz
307 silly lockFile b05fd70b-npmjs-org-bower-bower-1-3-12-tgz https://registry.npmjs.org/bower/-/bower-1.3.12.tgz
308 silly lockFile 9819431c-bower-1-3-12 bower@1.3.12
309 silly lockFile 9819431c-bower-1-3-12 bower@1.3.12
310 silly lockFile 0aa5c27e-bower-1-3-3 bower@^1.3.3
311 silly lockFile 0aa5c27e-bower-1-3-3 bower@^1.3.3
312 error Error: EACCES, mkdir '/Users/anirudhsrivastava/.npm/gulp-util/2.2.20'
312 error  { [Error: EACCES, mkdir '/Users/anirudhsrivastava/.npm/gulp-util/2.2.20']
312 error   errno: 3,
312 error   code: 'EACCES',
312 error   path: '/Users/anirudhsrivastava/.npm/gulp-util/2.2.20',
312 error   parent: 'myapp' }
313 error Please try running this command again as root/Administrator.
314 error System Darwin 13.4.0
315 error command "node" "/usr/local/bin/npm" "install"
316 error cwd /Users/anirudhsrivastava/myApp
317 error node -v v0.10.34
318 error npm -v 1.4.28
319 error path /Users/anirudhsrivastava/.npm/gulp-util/2.2.20
320 error code EACCES
321 error errno 3
322 error stack Error: EACCES, mkdir '/Users/anirudhsrivastava/.npm/gulp-util/2.2.20'
323 verbose exit [ 3, true ]
